<?xml version="1.0" encoding="UTF-8"?>
<!-- Generated by org.testng.reporters.JUnitXMLReporter -->
<testsuite hostname="LAPTOP-F5223EVV" ignored="0" name="Test1" tests="3" failures="0" timestamp="2020-10-24T14:13:06 ART" time="0.078" errors="0">
  <testcase name="@BeforeClass setUp" time="0.034" classname="com.automationoct.helpers.TestWebPageHelper">
    <failure type="java.lang.NullPointerException">
      <![CDATA[java.lang.NullPointerException
at com.automationoct.helpers.TestWebPageHelper.setUp(TestWebPageHelper.java:40)
at java.util.concurrent.ThreadPoolExecutor.runWorker(ThreadPoolExecutor.java:1149)
at java.util.concurrent.ThreadPoolExecutor$Worker.run(ThreadPoolExecutor.java:624)
at java.lang.Thread.run(Thread.java:748)
... Removed 10 stack frames]]>
    </failure>
  </testcase> <!-- @BeforeClass setUp -->
  <testcase name="@AfterClass tearDown" time="-1.603559586114E9" classname="com.automationoct.helpers.TestWebPageHelper">
    <skipped/>
  </testcase> <!-- @AfterClass tearDown -->
  <testcase name="LoginTestPage" time="0.0" classname="com.automationoct.tests.TestWebPageTests">
    <skipped/>
  </testcase> <!-- LoginTestPage -->
  <testcase name="LoginTestPage" time="0.0" classname="com.automationoct.tests.TestWebPageTests">
    <skipped/>
  </testcase> <!-- LoginTestPage -->
  <testcase name="LoginTestPage" time="0.0" classname="com.automationoct.tests.TestWebPageTests">
    <skipped/>
  </testcase> <!-- LoginTestPage -->
</testsuite> <!-- Test1 -->
