<?xml version="1.0" encoding="UTF-8"?>
<!-- Generated by org.testng.reporters.JUnitXMLReporter -->
<testsuite ignored="0" hostname="LAPTOP-F5223EVV" failures="0" tests="4" name="Test2" time="0.024" errors="0" timestamp="2020-10-19T00:02:09 ART">
  <testcase classname="com.automationoct.helpers.BaseTest" name="@BeforeClass setUp" time="0.002">
    <failure type="java.lang.NullPointerException" message="Cannot invoke &amp;quot;org.openqa.selenium.WebDriver.quit()&amp;quot; because &amp;quot;this.driver&amp;quot; is null">
      <![CDATA[java.lang.NullPointerException: Cannot invoke "org.openqa.selenium.WebDriver.quit()" because "this.driver" is null
at com.automationoct.helpers.BaseTest.setUp(BaseTest.java:42)
at java.base/java.util.ArrayList.forEach(ArrayList.java:1511)
... Removed 25 stack frames]]>
    </failure>
  </testcase> <!-- @BeforeClass setUp -->
  <testcase classname="com.automationoct.helpers.BaseTest" name="@AfterClass tearDown" time="-1.603076529104E9">
    <skipped/>
  </testcase> <!-- @AfterClass tearDown -->
  <testcase classname="com.automationoct.helpers.BaseTest" name="@BeforeClass setUp" time="0.002">
    <failure type="java.lang.NullPointerException" message="Cannot invoke &amp;quot;org.openqa.selenium.WebDriver.quit()&amp;quot; because &amp;quot;this.driver&amp;quot; is null">
      <![CDATA[java.lang.NullPointerException: Cannot invoke "org.openqa.selenium.WebDriver.quit()" because "this.driver" is null
at com.automationoct.helpers.BaseTest.setUp(BaseTest.java:42)
at java.base/java.util.ArrayList.forEach(ArrayList.java:1511)
... Removed 25 stack frames]]>
    </failure>
  </testcase> <!-- @BeforeClass setUp -->
  <testcase classname="com.automationoct.helpers.BaseTest" name="@AfterClass tearDown" time="-1.603076529113E9">
    <skipped/>
  </testcase> <!-- @AfterClass tearDown -->
  <testcase classname="com.automationoct.tests.Sample" name="GoogleSearch" time="0.0">
    <skipped/>
  </testcase> <!-- GoogleSearch -->
  <testcase classname="com.automationoct.tests.Sample" name="TestTest" time="0.0">
    <skipped/>
  </testcase> <!-- TestTest -->
  <testcase classname="com.automationoct.tests.Sample" name="TestTestTest" time="0.0">
    <skipped/>
  </testcase> <!-- TestTestTest -->
  <testcase classname="com.automationoct.tests.EnvironmentTest" name="TestTestTest43" time="0.0">
    <skipped/>
  </testcase> <!-- TestTestTest43 -->
</testsuite> <!-- Test2 -->
