<?xml version="1.0" encoding="UTF-8"?>
<!-- Generated by org.testng.reporters.JUnitXMLReporter -->
<testsuite ignored="2" hostname="LAPTOP-F5223EVV" failures="0" tests="1" name="Default test" time="0.144" errors="0" timestamp="2020-10-18T23:57:57 ART">
  <testcase classname="com.automationoct.tests.ReadersTests" name="TestJsonReader1" time="0.112"/>
  <testcase classname="com.automationoct.tests.ReadersTests" name="TestCsvReaderClass1" time="0.0">
    <ignored/>
  </testcase> <!-- TestCsvReaderClass1 -->
  <testcase classname="com.automationoct.tests.ReadersTests" name="TestXlsReader1" time="0.0">
    <ignored/>
  </testcase> <!-- TestXlsReader1 -->
</testsuite> <!-- Default test -->
