<?xml version="1.0" encoding="UTF-8"?>
<testng-results ignored="0" total="3" passed="3" failed="0" skipped="0">
  <reporter-output>
    <line>
      <![CDATA[estamos en la login page de pagina test]]>
    </line>
    <line>
      <![CDATA[estamos en la login page de pagina test]]>
    </line>
    <line>
      <![CDATA[estamos en la login page de pagina test]]>
    </line>
    <line>
      <![CDATA[estamos en la login page de pagina test]]>
    </line>
    <line>
      <![CDATA[estamos en la login page de pagina test]]>
    </line>
    <line>
      <![CDATA[estamos en la login page de pagina test]]>
    </line>
  </reporter-output>
  <suite started-at="2023-02-08T19:30:07 ART" name="Suite1" finished-at="2023-02-08T19:30:19 ART" duration-ms="11973">
    <groups>
    </groups>
    <test started-at="2023-02-08T19:30:07 ART" name="Test1" finished-at="2023-02-08T19:30:19 ART" duration-ms="11973">
      <class name="com.automationoct.tests.TestWebPageTests">
        <test-method is-config="true" signature="setUp()[pri:0, instance:com.automationoct.tests.TestWebPageTests@158d2680]" started-at="2023-02-08T19:30:07 ART" name="setUp" finished-at="2023-02-08T19:30:09 ART" duration-ms="2064" status="PASS">
          <reporter-output>
          </reporter-output>
        </test-method> <!-- setUp -->
        <test-method signature="LoginTestPage(java.lang.String,java.lang.String)[pri:0, instance:com.automationoct.tests.TestWebPageTests@158d2680]" started-at="2023-02-08T19:30:09 ART" name="LoginTestPage" data-provider="data1" finished-at="2023-02-08T19:30:13 ART" duration-ms="3302" status="PASS">
          <params>
            <param index="0">
              <value>
                <![CDATA[Diego1]]>
              </value>
            </param>
            <param index="1">
              <value>
                <![CDATA[password1]]>
              </value>
            </param>
          </params>
          <reporter-output>
            <line>
              <![CDATA[estamos en la login page de pagina test]]>
            </line>
            <line>
              <![CDATA[estamos en la login page de pagina test]]>
            </line>
          </reporter-output>
        </test-method> <!-- LoginTestPage -->
        <test-method signature="LoginTestPage(java.lang.String,java.lang.String)[pri:0, instance:com.automationoct.tests.TestWebPageTests@158d2680]" started-at="2023-02-08T19:30:13 ART" name="LoginTestPage" data-provider="data1" finished-at="2023-02-08T19:30:16 ART" duration-ms="3258" status="PASS">
          <params>
            <param index="0">
              <value>
                <![CDATA[Melanie2]]>
              </value>
            </param>
            <param index="1">
              <value>
                <![CDATA[asdasd1]]>
              </value>
            </param>
          </params>
          <reporter-output>
            <line>
              <![CDATA[estamos en la login page de pagina test]]>
            </line>
            <line>
              <![CDATA[estamos en la login page de pagina test]]>
            </line>
          </reporter-output>
        </test-method> <!-- LoginTestPage -->
        <test-method signature="LoginTestPage(java.lang.String,java.lang.String)[pri:0, instance:com.automationoct.tests.TestWebPageTests@158d2680]" started-at="2023-02-08T19:30:16 ART" name="LoginTestPage" data-provider="data1" finished-at="2023-02-08T19:30:19 ART" duration-ms="3254" status="PASS">
          <params>
            <param index="0">
              <value>
                <![CDATA[Lucky3]]>
              </value>
            </param>
            <param index="1">
              <value>
                <![CDATA[pwpw3]]>
              </value>
            </param>
          </params>
          <reporter-output>
            <line>
              <![CDATA[estamos en la login page de pagina test]]>
            </line>
            <line>
              <![CDATA[estamos en la login page de pagina test]]>
            </line>
          </reporter-output>
        </test-method> <!-- LoginTestPage -->
        <test-method is-config="true" signature="tearDown()[pri:0, instance:com.automationoct.tests.TestWebPageTests@158d2680]" started-at="2023-02-08T19:30:19 ART" name="tearDown" finished-at="2023-02-08T19:30:19 ART" duration-ms="71" status="PASS">
          <reporter-output>
          </reporter-output>
        </test-method> <!-- tearDown -->
      </class> <!-- com.automationoct.tests.TestWebPageTests -->
    </test> <!-- Test1 -->
  </suite> <!-- Suite1 -->
</testng-results>
