<?xml version="1.0" encoding="UTF-8"?>
<!-- Generated by org.testng.reporters.JUnitXMLReporter -->
<testsuite ignored="0" hostname="DESKTOP-JNLSMIN" failures="0" tests="6" name="Test1" time="1.245" errors="0" timestamp="2023-02-08T17:43:42 ART">
  <testcase classname="com.automationoct.tests.ReadersTests" name="TestCsvReaderClass1" time="0.041"/>
  <testcase classname="com.automationoct.tests.ReadersTests" name="TestJsonReader1" time="0.014"/>
  <testcase classname="com.automationoct.tests.ApiCallsTests" name="getResponseBody" time="0.715"/>
  <testcase classname="com.automationoct.tests.ReadersTests" name="TestXlsReader1" time="0.831"/>
  <testcase classname="com.automationoct.tests.ApiCallsTests" name="saveFileResponse" time="0.252"/>
  <testcase classname="com.automationoct.tests.ApiCallsTests" name="shouldReturnStatusOkay" time="0.257"/>
</testsuite> <!-- Test1 -->
