<?xml version="1.0" encoding="UTF-8"?>
<!-- Generated by org.testng.reporters.JUnitXMLReporter -->
<testsuite ignored="0" hostname="LAPTOP-F5223EVV" failures="0" tests="3" name="Test1" time="1.29" errors="0" timestamp="2020-10-19T00:03:04 ART">
  <testcase classname="com.automationoct.tests.ReadersTests" name="TestCsvReaderClass1" time="0.048"/>
  <testcase classname="com.automationoct.tests.ReadersTests" name="TestJsonReader1" time="0.012"/>
  <testcase classname="com.automationoct.tests.ReadersTests" name="TestXlsReader1" time="1.19"/>
</testsuite> <!-- Test1 -->
